<?xml version="1.0" encoding="UTF-8"?>
<!-- Generated by org.testng.reporters.JUnitXMLReporter -->
<testsuite hostname="DESKTOP-D2FNNVA" ignored="14" name="Relese1.2" tests="13" failures="2" timestamp="24 Jun 2022 10:23:47 GMT" time="162.814" errors="0">
  <testcase name="verifyInvalidLoginDataProvider" time="0.871" classname="com.supermarket.tests.LoginTest"/>
  <testcase name="verifyInvalidLoginDataProvider" time="0.708" classname="com.supermarket.tests.LoginTest"/>
  <testcase name="verifyInvalidLoginDataProvider" time="0.695" classname="com.supermarket.tests.LoginTest"/>
  <testcase name="verifyRemembermeisSelected" time="0.202" classname="com.supermarket.tests.LoginTest"/>
  <testcase name="verifyCreateCategory" time="6.442" classname="com.supermarket.tests.ManageCategoryTest"/>
  <testcase name="validateUserActivation" time="4.315" classname="com.supermarket.tests.ManageUsersTest"/>
  <testcase name="verifyDeactivatesUser" time="5.001" classname="com.supermarket.tests.ManageUsersTest"/>
  <testcase name="verifyExpenseCategoryVisibility" time="1.903" classname="com.supermarket.tests.ManageExpenseTest"/>
  <testcase name="validateDeliveryBoyCreate" time="15.494" classname="com.supermarket.tests.DeliveryBoyTest">
    <failure type="java.lang.AssertionError" message="expected [true] but found [false]">
      <![CDATA[java.lang.AssertionError: expected [true] but found [false]
at com.supermarket.tests.DeliveryBoyTest.validateDeliveryBoyCreate(DeliveryBoyTest.java:37)
... Removed 29 stack frames]]>
    </failure>
  </testcase> <!-- validateDeliveryBoyCreate -->
  <testcase name="validateDeliveryBoyCreate" time="11.658" classname="com.supermarket.tests.DeliveryBoyTest">
    <failure type="java.lang.AssertionError" message="expected [true] but found [false]">
      <![CDATA[java.lang.AssertionError: expected [true] but found [false]
at com.supermarket.tests.DeliveryBoyTest.validateDeliveryBoyCreate(DeliveryBoyTest.java:37)
... Removed 29 stack frames]]>
    </failure>
  </testcase> <!-- validateDeliveryBoyCreate -->
  <testcase name="verifyProductCreation" time="12.083" classname="com.supermarket.tests.ManageProductTest"/>
  <testcase name="verifySendPushNotification" time="2.784" classname="com.supermarket.tests.PushNotificationsTest"/>
  <testcase name="verifyValidLogin" time="1.63" classname="com.supermarket.tests.LoginTest"/>
  <testcase name="verifyInvalidUsername" time="0.0" classname="com.supermarket.tests.LoginTest">
    <ignored/>
  </testcase> <!-- verifyInvalidUsername -->
  <testcase name="validateDeleteUser" time="0.0" classname="com.supermarket.tests.ManageUsersTest">
    <ignored/>
  </testcase> <!-- validateDeleteUser -->
  <testcase name="validateDashboardTitle" time="0.0" classname="com.supermarket.tests.DashboardTest">
    <ignored/>
  </testcase> <!-- validateDashboardTitle -->
  <testcase name="verifyIsProfileBroken" time="0.0" classname="com.supermarket.tests.DashboardTest">
    <ignored/>
  </testcase> <!-- verifyIsProfileBroken -->
  <testcase name="verifyProductDeletion" time="0.0" classname="com.supermarket.tests.ManageProductTest">
    <ignored/>
  </testcase> <!-- verifyProductDeletion -->
  <testcase name="verifyLoginInfoMessage" time="0.0" classname="com.supermarket.tests.LoginTest">
    <ignored/>
  </testcase> <!-- verifyLoginInfoMessage -->
  <testcase name="verifyVisibilityofSubMenu" time="0.0" classname="com.supermarket.tests.ManageCategoryTest">
    <ignored/>
  </testcase> <!-- verifyVisibilityofSubMenu -->
  <testcase name="excelTest" time="0.0" classname="com.supermarket.tests.LoginTest">
    <ignored/>
  </testcase> <!-- excelTest -->
  <testcase name="verifyInvalidLoginExcelandDataprovider" time="0.0" classname="com.supermarket.tests.LoginTest">
    <ignored/>
  </testcase> <!-- verifyInvalidLoginExcelandDataprovider -->
  <testcase name="valiidateDashboardTiles" time="0.0" classname="com.supermarket.tests.DashboardTest">
    <ignored/>
  </testcase> <!-- valiidateDashboardTiles -->
  <testcase name="validateManageDeliveryBoyNavigation" time="0.0" classname="com.supermarket.tests.DeliveryBoyTest">
    <ignored/>
  </testcase> <!-- validateManageDeliveryBoyNavigation -->
  <testcase name="validateManageUsersTitle" time="0.0" classname="com.supermarket.tests.ManageUsersTest">
    <ignored/>
  </testcase> <!-- validateManageUsersTitle -->
  <testcase name="verifyRemembermeisDisplayed" time="0.0" classname="com.supermarket.tests.LoginTest">
    <ignored/>
  </testcase> <!-- verifyRemembermeisDisplayed -->
  <testcase name="validateNewButtonColor" time="0.0" classname="com.supermarket.tests.ManageProductTest">
    <ignored/>
  </testcase> <!-- validateNewButtonColor -->
</testsuite> <!-- Relese1.2 -->
