<?xml version="1.0" encoding="UTF-8"?>
<!-- Generated by org.testng.reporters.JUnitXMLReporter -->
<testsuite hostname="DESKTOP-D2FNNVA" ignored="0" name="In Edge Browser" tests="13" failures="2" timestamp="20 Jun 2022 03:04:51 GMT" time="105.668" errors="0">
  <testcase name="excelTest" time="0.16" classname="com.supermarket.tests.LoginTest">
    <failure type="java.lang.NullPointerException">
      <![CDATA[java.lang.NullPointerException
at com.supermarket.utilities.ExcelUtility.getCellData(ExcelUtility.java:37)
at com.supermarket.tests.LoginTest.excelTest(LoginTest.java:72)
at java.util.concurrent.FutureTask.run(Unknown Source)
at java.util.concurrent.ThreadPoolExecutor.runWorker(Unknown Source)
at java.util.concurrent.ThreadPoolExecutor$Worker.run(Unknown Source)
at java.lang.Thread.run(Unknown Source)
... Removed 16 stack frames]]>
    </failure>
  </testcase> <!-- excelTest -->
  <testcase name="verifyInvalidLoginDataProvider" time="0.911" classname="com.supermarket.tests.LoginTest"/>
  <testcase name="verifyInvalidLoginDataProvider" time="0.963" classname="com.supermarket.tests.LoginTest"/>
  <testcase name="verifyInvalidLoginDataProvider" time="0.789" classname="com.supermarket.tests.LoginTest"/>
  <testcase name="verifyInvalidLoginExcelandDataprovider" time="11.514" classname="com.supermarket.tests.LoginTest">
    <failure type="org.openqa.selenium.NoSuchElementException" message="no such element: Unable to locate element: {&amp;quot;method&amp;quot;:&amp;quot;xpath&amp;quot;,&amp;quot;selector&amp;quot;:&amp;quot;//div[@class=&amp;apos;alert alert-danger alert-dismissible&amp;apos;]&amp;quot;}
  (Session info: MicrosoftEdge=102.0.1245.44)
For documentation on this error, please visit: https://www.seleniumhq.org/exceptions/no_such_element.html
Build info: version: &amp;apos;3.141.59&amp;apos;, revision: &amp;apos;e82be7d358&amp;apos;, time: &amp;apos;2018-11-14T08:17:03&amp;apos;
System info: host: &amp;apos;DESKTOP-D2FNNVA&amp;apos;, ip: &amp;apos;192.168.1.5&amp;apos;, os.name: &amp;apos;Windows 10&amp;apos;, os.arch: &amp;apos;amd64&amp;apos;, os.version: &amp;apos;10.0&amp;apos;, java.version: &amp;apos;1.8.0_291&amp;apos;
Driver info: org.openqa.selenium.edge.EdgeDriver
Capabilities {acceptInsecureCerts: false, browserName: msedge, browserVersion: 102.0.1245.44, javascriptEnabled: true, ms:edgeOptions: {debuggerAddress: localhost:50114}, msedge: {msedgedriverVersion: 102.0.1245.44 (72efbf98e0b4..., userDataDir: C:\Users\Dell\AppData\Local...}, networkConnectionEnabled: false, pageLoadStrategy: normal, platform: WINDOWS, platformName: WINDOWS, proxy: Proxy(), setWindowRect: true, strictFileInteractability: false, timeouts: {implicit: 0, pageLoad: 300000, script: 30000}, unhandledPromptBehavior: dismiss and notify, webauthn:extension:credBlob: true, webauthn:extension:largeBlob: true, webauthn:virtualAuthenticators: true}
Session ID: 5cb2fb3675eee1c342e4fe9514d87ad4
*** Element info: {Using=xpath, value=//div[@class=&amp;apos;alert alert-danger alert-dismissible&amp;apos;]}">
      <![CDATA[org.openqa.selenium.NoSuchElementException: no such element: Unable to locate element: {"method":"xpath","selector":"//div[@class='alert alert-danger alert-dismissible']"}
  (Session info: MicrosoftEdge=102.0.1245.44)
For documentation on this error, please visit: https://www.seleniumhq.org/exceptions/no_such_element.html
Build info: version: '3.141.59', revision: 'e82be7d358', time: '2018-11-14T08:17:03'
System info: host: 'DESKTOP-D2FNNVA', ip: '192.168.1.5', os.name: 'Windows 10', os.arch: 'amd64', os.version: '10.0', java.version: '1.8.0_291'
Driver info: org.openqa.selenium.edge.EdgeDriver
Capabilities {acceptInsecureCerts: false, browserName: msedge, browserVersion: 102.0.1245.44, javascriptEnabled: true, ms:edgeOptions: {debuggerAddress: localhost:50114}, msedge: {msedgedriverVersion: 102.0.1245.44 (72efbf98e0b4..., userDataDir: C:\Users\Dell\AppData\Local...}, networkConnectionEnabled: false, pageLoadStrategy: normal, platform: WINDOWS, platformName: WINDOWS, proxy: Proxy(), setWindowRect: true, strictFileInteractability: false, timeouts: {implicit: 0, pageLoad: 300000, script: 30000}, unhandledPromptBehavior: dismiss and notify, webauthn:extension:credBlob: true, webauthn:extension:largeBlob: true, webauthn:virtualAuthenticators: true}
Session ID: 5cb2fb3675eee1c342e4fe9514d87ad4
*** Element info: {Using=xpath, value=//div[@class='alert alert-danger alert-dismissible']}
at org.openqa.selenium.remote.http.W3CHttpResponseCodec.createException(W3CHttpResponseCodec.java:187)
at org.openqa.selenium.remote.http.W3CHttpResponseCodec.decode(W3CHttpResponseCodec.java:122)
at org.openqa.selenium.remote.http.W3CHttpResponseCodec.decode(W3CHttpResponseCodec.java:49)
at org.openqa.selenium.remote.HttpCommandExecutor.execute(HttpCommandExecutor.java:158)
at org.openqa.selenium.remote.service.DriverCommandExecutor.execute(DriverCommandExecutor.java:83)
at org.openqa.selenium.remote.RemoteWebDriver.execute(RemoteWebDriver.java:552)
at org.openqa.selenium.remote.RemoteWebDriver.findElement(RemoteWebDriver.java:323)
at org.openqa.selenium.remote.RemoteWebDriver.findElementByXPath(RemoteWebDriver.java:428)
at org.openqa.selenium.By$ByXPath.findElement(By.java:353)
at org.openqa.selenium.remote.RemoteWebDriver.findElement(RemoteWebDriver.java:315)
at org.openqa.selenium.support.pagefactory.DefaultElementLocator.findElement(DefaultElementLocator.java:69)
at org.openqa.selenium.support.pagefactory.internal.LocatingElementHandler.invoke(LocatingElementHandler.java:38)
at com.sun.proxy.$Proxy12.getText(Unknown Source)
at com.supermarket.utilities.GeneralUtilities.isExpectedTextPresent(GeneralUtilities.java:37)
at com.supermarket.pages.LoginPage.isInvalidCredentialsMessageDisplayed(LoginPage.java:81)
at com.supermarket.tests.LoginTest.verifyInvalidLoginExcelandDataprovider(LoginTest.java:83)
at java.util.concurrent.FutureTask.run(Unknown Source)
at java.util.concurrent.ThreadPoolExecutor.runWorker(Unknown Source)
at java.util.concurrent.ThreadPoolExecutor$Worker.run(Unknown Source)
at java.lang.Thread.run(Unknown Source)
... Removed 20 stack frames]]>
    </failure>
  </testcase> <!-- verifyInvalidLoginExcelandDataprovider -->
  <testcase name="verifyInvalidLoginExcelandDataprovider" time="1.052" classname="com.supermarket.tests.LoginTest"/>
  <testcase name="verifyInvalidLoginExcelandDataprovider" time="0.846" classname="com.supermarket.tests.LoginTest"/>
  <testcase name="verifyInvalidLoginExcelandDataprovider" time="1.614" classname="com.supermarket.tests.LoginTest"/>
  <testcase name="verifyInvalidUsername" time="0.905" classname="com.supermarket.tests.LoginTest"/>
  <testcase name="verifyLoginInfoMessage" time="0.06" classname="com.supermarket.tests.LoginTest"/>
  <testcase name="verifyRemembermeisDisplayed" time="0.07" classname="com.supermarket.tests.LoginTest"/>
  <testcase name="verifyRemembermeisSelected" time="0.169" classname="com.supermarket.tests.LoginTest"/>
  <testcase name="verifyValidLogin" time="1.212" classname="com.supermarket.tests.LoginTest"/>
</testsuite> <!-- In Edge Browser -->
